{
  "RSpec": {
    "coverage": {
      "/workspaces/splitsy/app/controllers/sessions_controller.rb": {
        "lines": [
          1,
          null
        ]
      },
      "/workspaces/splitsy/app/controllers/application_controller.rb": {
        "lines": [
          1,
          null,
          null,
          1,
          null
        ]
      },
      "/workspaces/splitsy/app/controllers/transactions_controller.rb": {
        "lines": [
          1,
          1,
          1,
          1,
          1,
          null,
          1,
          1,
          1,
          1,
          1,
          1,
          1,
          null,
          null,
          1,
          31,
          1,
          1,
          null,
          null,
          null,
          1,
          27,
          null,
          null,
          1,
          7,
          7,
          null,
          7,
          27,
          27,
          27,
          27,
          27,
          27,
          27,
          27,
          null,
          27,
          27,
          27,
          null,
          27,
          27,
          27,
          27,
          17,
          17,
          16,
          null,
          1,
          null,
          null,
          10,
          10,
          5,
          null,
          5,
          null,
          null,
          null,
          null,
          7,
          0,
          0,
          0,
          0,
          0,
          0,
          0,
          null,
          0,
          0,
          0,
          0,
          0,
          0,
          0,
          null,
          0,
          null,
          null,
          0,
          0,
          0,
          null,
          0,
          null,
          null,
          null,
          null,
          7,
          7,
          21,
          21,
          21,
          21,
          null,
          7,
          null,
          null,
          1,
          0,
          0,
          0,
          0,
          0,
          0,
          0,
          0,
          0,
          null,
          0,
          null,
          null,
          0,
          0,
          null,
          0,
          null,
          null,
          null,
          0,
          null,
          null,
          1,
          0,
          0,
          0,
          0,
          0,
          0,
          0,
          0,
          null,
          0,
          null,
          null,
          0,
          0,
          null,
          0,
          null,
          null,
          null,
          0,
          null,
          null,
          1,
          0,
          0,
          0,
          0,
          null,
          0,
          0,
          0,
          null,
          null,
          null,
          null,
          null,
          0,
          null,
          null,
          0,
          0,
          0,
          null,
          null,
          null,
          null,
          0,
          null,
          null,
          null,
          1,
          7,
          7,
          null,
          7,
          7,
          27,
          27,
          0,
          null,
          27,
          27,
          27,
          0,
          null,
          null,
          null,
          null,
          0,
          null,
          null,
          null,
          null,
          0,
          0,
          null,
          null,
          null,
          7,
          7,
          7,
          null,
          null,
          1,
          8,
          8,
          8,
          0,
          null,
          8,
          8,
          8,
          8,
          1,
          null,
          7,
          null,
          null,
          null,
          null,
          1,
          1,
          1,
          1,
          1,
          null,
          null,
          1,
          1,
          null,
          null,
          1,
          1,
          1,
          null,
          null,
          1,
          9,
          9,
          9,
          1,
          8,
          1,
          7,
          1,
          6,
          0,
          null,
          6,
          null,
          9,
          null,
          null,
          1,
          9,
          null,
          6,
          5,
          null,
          1,
          null,
          null,
          9,
          null,
          null,
          1,
          1,
          1,
          1,
          1,
          null,
          null,
          1,
          1,
          null,
          null,
          1,
          1,
          1,
          1,
          null,
          null,
          1,
          null,
          null,
          1,
          59,
          null,
          null
        ]
      },
      "/workspaces/splitsy/app/controllers/users_controller.rb": {
        "lines": [
          1,
          1,
          2,
          1,
          1,
          null,
          null,
          null,
          1,
          1,
          null,
          null,
          1,
          1,
          null,
          null,
          1,
          null,
          4,
          2,
          2,
          2,
          null,
          2,
          1,
          1,
          1,
          null,
          1,
          1,
          1,
          null,
          null,
          null,
          1,
          2,
          2,
          null,
          null,
          1,
          0,
          0,
          null,
          null,
          1,
          1,
          1,
          1,
          1,
          null,
          null,
          1,
          null,
          null,
          1,
          3,
          3,
          1,
          1,
          null,
          3,
          2,
          1,
          1,
          null,
          null,
          1,
          1,
          null,
          null,
          null,
          null,
          null,
          1,
          1,
          14,
          null,
          null,
          null
        ]
      },
      "/workspaces/splitsy/app/models/repayment.rb": {
        "lines": [
          1,
          null,
          1,
          1,
          8,
          8,
          8,
          8,
          8,
          2,
          null,
          null,
          8,
          8,
          1,
          null,
          null,
          8,
          null,
          null,
          null,
          null,
          null
        ]
      },
      "/workspaces/splitsy/app/models/transaction.rb": {
        "lines": [
          1,
          1,
          1,
          1,
          16,
          16,
          16,
          16,
          16,
          38,
          null,
          null,
          16,
          16,
          22,
          null,
          null,
          16,
          null,
          null,
          1,
          10,
          4,
          1,
          1,
          3,
          1,
          1,
          null,
          2,
          2,
          null,
          null,
          6,
          1,
          1,
          5,
          1,
          1,
          4,
          2,
          2,
          null,
          2,
          2,
          null,
          null,
          10,
          10,
          10,
          10,
          null,
          null,
          10,
          10,
          9,
          null,
          null,
          10,
          null,
          null,
          1,
          4,
          4,
          4,
          4,
          3,
          null,
          null,
          4,
          4,
          4,
          3,
          null,
          null,
          4,
          null,
          null,
          1,
          null,
          5,
          5,
          10,
          null,
          5,
          null,
          null
        ]
      },
      "/workspaces/splitsy/app/models/user.rb": {
        "lines": [
          1,
          1,
          1,
          15,
          null,
          null
        ]
      },
      "/workspaces/splitsy/app/controllers/repayments_controller.rb": {
        "lines": [
          0,
          0,
          0,
          null,
          0,
          0,
          0,
          0,
          0,
          0,
          null,
          null,
          0,
          0,
          0,
          0,
          0,
          null,
          0,
          0,
          0,
          null,
          0,
          0,
          null,
          0,
          0,
          0,
          0,
          0,
          0,
          0,
          0,
          0,
          null,
          0,
          0,
          0,
          0,
          0,
          0,
          null,
          0,
          0,
          0,
          0,
          0,
          0,
          0,
          0,
          0,
          null,
          0,
          0,
          0,
          0,
          0,
          0,
          null,
          0,
          0,
          0,
          null,
          0,
          0,
          0,
          0,
          0,
          null,
          0,
          null,
          null,
          0,
          0,
          0,
          0,
          null
        ],
        "branches": {
        }
      }
    },
    "timestamp": 1670971077
  }
}
