{
  "RSpec": {
    "coverage": {
      "/Users/harshini/homework/esaas/splitsy/app/controllers/repayments_controller.rb": {
        "lines": [
          1,
          1,
          1,
          null,
          1,
          8,
          1,
          1,
          null,
          null,
          null,
          null,
          1,
          1,
          1,
          1,
          null,
          null,
          1,
          1,
          null,
          null,
          1,
          5,
          null,
          5,
          1,
          4,
          2,
          null,
          2,
          null,
          5,
          null,
          null,
          1,
          5,
          null,
          2,
          2,
          2,
          null,
          2,
          2,
          1,
          null,
          1,
          null,
          null,
          5,
          null,
          null,
          1,
          null,
          null,
          1,
          0,
          null,
          null,
          null
        ]
      },
      "/Users/harshini/homework/esaas/splitsy/app/controllers/application_controller.rb": {
        "lines": [
          1,
          null,
          null,
          1,
          null
        ]
      },
      "/Users/harshini/homework/esaas/splitsy/app/controllers/sessions_controller.rb": {
        "lines": [
          1,
          null
        ]
      },
      "/Users/harshini/homework/esaas/splitsy/app/controllers/transactions_controller.rb": {
        "lines": [
          1,
          1,
          1,
          1,
          1,
          null,
          1,
          1,
          1,
          1,
          1,
          1,
          1,
          null,
          null,
          1,
          45,
          1,
          1,
          null,
          null,
          null,
          1,
          60,
          null,
          null,
          1,
          16,
          16,
          null,
          16,
          48,
          48,
          48,
          48,
          48,
          48,
          48,
          48,
          48,
          null,
          48,
          48,
          48,
          null,
          48,
          48,
          48,
          48,
          28,
          28,
          26,
          null,
          2,
          null,
          null,
          20,
          20,
          12,
          null,
          8,
          null,
          null,
          null,
          null,
          16,
          12,
          12,
          12,
          12,
          12,
          12,
          12,
          null,
          12,
          12,
          12,
          12,
          11,
          11,
          0,
          null,
          11,
          null,
          null,
          1,
          1,
          0,
          null,
          1,
          null,
          null,
          null,
          null,
          16,
          16,
          38,
          38,
          38,
          38,
          null,
          16,
          null,
          null,
          1,
          1,
          1,
          1,
          1,
          3,
          3,
          3,
          2,
          1,
          null,
          1,
          null,
          null,
          1,
          0,
          null,
          1,
          null,
          null,
          null,
          1,
          null,
          null,
          1,
          1,
          1,
          1,
          1,
          3,
          3,
          2,
          1,
          null,
          1,
          null,
          null,
          1,
          0,
          null,
          1,
          null,
          null,
          null,
          1,
          null,
          null,
          1,
          1,
          1,
          1,
          3,
          null,
          1,
          1,
          1,
          null,
          null,
          null,
          null,
          null,
          0,
          null,
          null,
          1,
          1,
          1,
          null,
          null,
          null,
          null,
          0,
          null,
          null,
          null,
          1,
          16,
          16,
          null,
          16,
          16,
          47,
          47,
          2,
          null,
          45,
          null,
          47,
          47,
          1,
          null,
          null,
          null,
          null,
          1,
          null,
          null,
          null,
          null,
          1,
          1,
          null,
          null,
          null,
          16,
          16,
          16,
          null,
          null,
          1,
          10,
          10,
          10,
          2,
          null,
          8,
          8,
          8,
          8,
          1,
          null,
          7,
          null,
          null,
          null,
          null,
          1,
          1,
          1,
          1,
          1,
          null,
          null,
          1,
          1,
          null,
          null,
          1,
          1,
          1,
          null,
          null,
          1,
          11,
          11,
          1,
          10,
          1,
          9,
          1,
          8,
          1,
          null,
          7,
          null,
          11,
          null,
          null,
          1,
          11,
          null,
          7,
          6,
          null,
          1,
          null,
          null,
          11,
          null,
          null,
          1,
          1,
          1,
          1,
          1,
          null,
          null,
          1,
          1,
          null,
          null,
          1,
          1,
          1,
          1,
          null,
          null,
          1,
          null,
          null,
          1,
          62,
          null,
          null
        ]
      },
      "/Users/harshini/homework/esaas/splitsy/app/controllers/users_controller.rb": {
        "lines": [
          1,
          1,
          2,
          1,
          1,
          null,
          null,
          null,
          1,
          1,
          null,
          null,
          1,
          1,
          null,
          null,
          1,
          null,
          4,
          2,
          2,
          2,
          null,
          2,
          1,
          1,
          1,
          null,
          1,
          1,
          1,
          null,
          null,
          null,
          1,
          2,
          2,
          null,
          null,
          1,
          0,
          0,
          null,
          null,
          1,
          1,
          1,
          1,
          1,
          null,
          null,
          1,
          null,
          null,
          1,
          3,
          3,
          1,
          1,
          null,
          3,
          2,
          1,
          1,
          null,
          null,
          1,
          1,
          null,
          null,
          null,
          null,
          null,
          1,
          1,
          14,
          null,
          null,
          null
        ]
      },
      "/Users/harshini/homework/esaas/splitsy/app/models/repayment.rb": {
        "lines": [
          1,
          null,
          1,
          1,
          18,
          18,
          18,
          18,
          18,
          15,
          null,
          null,
          18,
          18,
          2,
          null,
          null,
          18,
          null,
          null,
          null,
          null,
          null
        ]
      },
      "/Users/harshini/homework/esaas/splitsy/app/models/transaction.rb": {
        "lines": [
          1,
          1,
          1,
          1,
          39,
          39,
          39,
          39,
          39,
          70,
          null,
          null,
          39,
          39,
          46,
          null,
          null,
          39,
          null,
          null,
          1,
          10,
          4,
          1,
          1,
          3,
          1,
          1,
          null,
          2,
          2,
          null,
          null,
          6,
          1,
          1,
          5,
          1,
          1,
          4,
          2,
          2,
          null,
          2,
          2,
          null,
          null,
          10,
          10,
          10,
          10,
          null,
          null,
          10,
          10,
          9,
          null,
          null,
          10,
          null,
          null,
          1,
          8,
          8,
          8,
          8,
          3,
          null,
          null,
          8,
          8,
          8,
          7,
          null,
          null,
          8,
          null,
          null,
          1,
          null,
          6,
          6,
          13,
          null,
          6,
          null,
          null
        ]
      },
      "/Users/harshini/homework/esaas/splitsy/app/models/user.rb": {
        "lines": [
          1,
          1,
          1,
          15,
          null,
          null
        ]
      }
    },
    "timestamp": 1671465646
  },
  "Cucumber Features": {
    "coverage": {
      "/Users/harshini/homework/esaas/splitsy/app/models/transaction.rb": {
        "lines": [
          1,
          1,
          1,
          1,
          134,
          134,
          134,
          134,
          134,
          330,
          null,
          null,
          134,
          134,
          220,
          null,
          null,
          134,
          null,
          null,
          1,
          7,
          3,
          1,
          1,
          2,
          1,
          1,
          null,
          1,
          1,
          null,
          null,
          4,
          1,
          1,
          3,
          1,
          1,
          2,
          1,
          1,
          null,
          1,
          1,
          null,
          null,
          7,
          7,
          7,
          3,
          null,
          null,
          7,
          7,
          2,
          null,
          null,
          7,
          null,
          null,
          1,
          3,
          3,
          3,
          3,
          2,
          null,
          null,
          3,
          3,
          3,
          2,
          null,
          null,
          3,
          null,
          null,
          1,
          null,
          12,
          12,
          60,
          null,
          12,
          null,
          null
        ]
      },
      "/Users/harshini/homework/esaas/splitsy/app/models/repayment.rb": {
        "lines": [
          1,
          null,
          1,
          1,
          66,
          66,
          66,
          66,
          66,
          16,
          null,
          null,
          66,
          66,
          30,
          null,
          null,
          66,
          null,
          null,
          null,
          null,
          null
        ]
      },
      "/Users/harshini/homework/esaas/splitsy/app/models/user.rb": {
        "lines": [
          1,
          1,
          1,
          46,
          null,
          null
        ]
      },
      "/Users/harshini/homework/esaas/splitsy/app/controllers/transactions_controller.rb": {
        "lines": [
          1,
          1,
          1,
          1,
          1,
          null,
          1,
          1,
          1,
          2,
          2,
          2,
          2,
          null,
          null,
          1,
          123,
          26,
          26,
          null,
          null,
          null,
          1,
          267,
          null,
          null,
          1,
          60,
          60,
          null,
          60,
          240,
          240,
          240,
          240,
          240,
          240,
          240,
          240,
          240,
          null,
          240,
          240,
          240,
          null,
          240,
          240,
          240,
          240,
          144,
          144,
          96,
          null,
          48,
          null,
          null,
          96,
          96,
          96,
          null,
          0,
          null,
          null,
          null,
          null,
          60,
          27,
          27,
          27,
          27,
          27,
          27,
          27,
          null,
          27,
          27,
          27,
          27,
          9,
          9,
          0,
          null,
          9,
          null,
          null,
          18,
          18,
          0,
          null,
          18,
          null,
          null,
          null,
          null,
          60,
          60,
          192,
          192,
          192,
          192,
          null,
          60,
          null,
          null,
          1,
          1,
          1,
          1,
          1,
          5,
          5,
          5,
          3,
          1,
          null,
          2,
          null,
          null,
          2,
          0,
          null,
          2,
          null,
          null,
          null,
          1,
          null,
          null,
          1,
          1,
          1,
          1,
          1,
          5,
          5,
          3,
          1,
          null,
          2,
          null,
          null,
          2,
          0,
          null,
          2,
          null,
          null,
          null,
          1,
          null,
          null,
          1,
          1,
          1,
          1,
          5,
          null,
          1,
          1,
          1,
          null,
          null,
          null,
          null,
          null,
          0,
          null,
          null,
          1,
          1,
          1,
          null,
          null,
          null,
          null,
          0,
          null,
          null,
          null,
          1,
          60,
          60,
          null,
          60,
          60,
          240,
          240,
          0,
          null,
          240,
          null,
          240,
          240,
          0,
          null,
          null,
          null,
          null,
          0,
          null,
          null,
          null,
          null,
          0,
          0,
          null,
          null,
          null,
          60,
          60,
          60,
          null,
          null,
          1,
          17,
          17,
          17,
          9,
          null,
          8,
          8,
          8,
          8,
          1,
          null,
          7,
          null,
          null,
          null,
          null,
          1,
          0,
          0,
          0,
          0,
          null,
          null,
          1,
          7,
          null,
          null,
          1,
          1,
          1,
          null,
          null,
          1,
          7,
          7,
          1,
          6,
          2,
          4,
          4,
          0,
          0,
          null,
          0,
          null,
          7,
          null,
          null,
          1,
          7,
          null,
          0,
          0,
          null,
          0,
          null,
          null,
          7,
          null,
          null,
          1,
          1,
          1,
          1,
          1,
          null,
          null,
          1,
          2,
          null,
          null,
          1,
          1,
          1,
          1,
          null,
          null,
          1,
          null,
          null,
          1,
          25,
          null,
          null
        ]
      },
      "/Users/harshini/homework/esaas/splitsy/app/controllers/application_controller.rb": {
        "lines": [
          1,
          null,
          null,
          1,
          null
        ]
      },
      "/Users/harshini/homework/esaas/splitsy/app/controllers/sessions_controller.rb": {
        "lines": [
          1,
          null
        ]
      },
      "/Users/harshini/homework/esaas/splitsy/app/controllers/users_controller.rb": {
        "lines": [
          1,
          1,
          11,
          1,
          1,
          null,
          null,
          null,
          1,
          0,
          null,
          null,
          1,
          3,
          null,
          null,
          1,
          null,
          3,
          1,
          1,
          1,
          null,
          2,
          1,
          1,
          1,
          null,
          1,
          1,
          1,
          null,
          null,
          null,
          1,
          7,
          7,
          null,
          null,
          1,
          4,
          4,
          null,
          null,
          1,
          2,
          2,
          2,
          2,
          null,
          null,
          1,
          null,
          null,
          1,
          33,
          33,
          1,
          1,
          null,
          33,
          32,
          31,
          31,
          null,
          null,
          1,
          1,
          null,
          null,
          null,
          null,
          null,
          1,
          1,
          13,
          null,
          null,
          null
        ]
      },
      "/Users/harshini/homework/esaas/splitsy/app/controllers/repayments_controller.rb": {
        "lines": [
          1,
          1,
          1,
          null,
          1,
          13,
          0,
          0,
          null,
          null,
          null,
          null,
          1,
          5,
          5,
          5,
          null,
          null,
          1,
          4,
          null,
          null,
          1,
          4,
          null,
          4,
          1,
          3,
          1,
          null,
          2,
          null,
          4,
          null,
          null,
          1,
          4,
          null,
          2,
          2,
          2,
          null,
          2,
          2,
          1,
          null,
          1,
          null,
          null,
          4,
          null,
          null,
          1,
          null,
          null,
          1,
          0,
          null,
          null,
          null
        ]
      }
    },
    "timestamp": 1671465806
  }
}
